  [1m[36m (101.4ms)[0m  [1mCREATE TABLE `schema_migrations` (`version` varchar(255) NOT NULL) ENGINE=InnoDB[0m
  [1m[35m (210.9ms)[0m  CREATE UNIQUE INDEX `unique_schema_migrations`  ON `schema_migrations` (`version`) 
  [1m[36mActiveRecord::SchemaMigration Load (0.8ms)[0m  [1mSELECT `schema_migrations`.* FROM `schema_migrations`[0m
Migrating to CreateUsers (20150824140009)
  [1m[35m (97.4ms)[0m  CREATE TABLE `users` (`id` int(11) auto_increment PRIMARY KEY, `username` varchar(255) NOT NULL, `password_hash` text NOT NULL, `person_id` int(11) NOT NULL, `email` varchar(255), `phone_number` varchar(255), `voided` tinyint(1) DEFAULT 0 NOT NULL, `void_reason` text, `created_at` datetime NOT NULL, `updated_at` datetime NOT NULL) ENGINE=InnoDB
  [1m[36mSQL (0.2ms)[0m  [1mBEGIN[0m
  [1m[35mSQL (0.9ms)[0m  INSERT INTO `schema_migrations` (`version`) VALUES (?)  [["version", "20150824140009"]]
  [1m[36m (51.8ms)[0m  [1mCOMMIT[0m
  [1m[35mActiveRecord::SchemaMigration Load (0.2ms)[0m  SELECT `schema_migrations`.* FROM `schema_migrations`


Started HEAD "/" for 127.0.0.1 at 2015-08-24 16:34:12 +0200
  [1m[36mActiveRecord::SchemaMigration Load (0.5ms)[0m  [1mSELECT `schema_migrations`.* FROM `schema_migrations`[0m
Processing by Rails::WelcomeController#index as HTML
  Rendered /home/mwatha/.rvm/gems/ruby-2.1.2/gems/railties-4.1.2/lib/rails/templates/rails/welcome/index.html.erb (1.2ms)
Completed 200 OK in 10ms (Views: 4.6ms | ActiveRecord: 0.0ms)


Started GET "/" for 127.0.0.1 at 2015-08-24 16:34:22 +0200
Processing by Rails::WelcomeController#index as HTML
  Rendered /home/mwatha/.rvm/gems/ruby-2.1.2/gems/railties-4.1.2/lib/rails/templates/rails/welcome/index.html.erb (0.0ms)
Completed 200 OK in 1ms (Views: 0.9ms | ActiveRecord: 0.0ms)


Started HEAD "/" for 127.0.0.1 at 2015-08-24 16:34:51 +0200
  [1m[36mActiveRecord::SchemaMigration Load (0.5ms)[0m  [1mSELECT `schema_migrations`.* FROM `schema_migrations`[0m

ActionController::RoutingError (uninitialized constant UserController):
  activesupport (4.1.2) lib/active_support/inflector/methods.rb:238:in `const_get'
  activesupport (4.1.2) lib/active_support/inflector/methods.rb:238:in `block in constantize'
  activesupport (4.1.2) lib/active_support/inflector/methods.rb:236:in `each'
  activesupport (4.1.2) lib/active_support/inflector/methods.rb:236:in `inject'
  activesupport (4.1.2) lib/active_support/inflector/methods.rb:236:in `constantize'
  actionpack (4.1.2) lib/action_dispatch/routing/route_set.rb:78:in `controller_reference'
  actionpack (4.1.2) lib/action_dispatch/routing/route_set.rb:68:in `controller'
  actionpack (4.1.2) lib/action_dispatch/routing/route_set.rb:46:in `call'
  actionpack (4.1.2) lib/action_dispatch/journey/router.rb:71:in `block in call'
  actionpack (4.1.2) lib/action_dispatch/journey/router.rb:59:in `each'
  actionpack (4.1.2) lib/action_dispatch/journey/router.rb:59:in `call'
  actionpack (4.1.2) lib/action_dispatch/routing/route_set.rb:678:in `call'
  rack (1.5.5) lib/rack/etag.rb:23:in `call'
  rack (1.5.5) lib/rack/conditionalget.rb:25:in `call'
  rack (1.5.5) lib/rack/head.rb:11:in `call'
  actionpack (4.1.2) lib/action_dispatch/middleware/params_parser.rb:27:in `call'
  actionpack (4.1.2) lib/action_dispatch/middleware/flash.rb:254:in `call'
  rack (1.5.5) lib/rack/session/abstract/id.rb:225:in `context'
  rack (1.5.5) lib/rack/session/abstract/id.rb:220:in `call'
  actionpack (4.1.2) lib/action_dispatch/middleware/cookies.rb:560:in `call'
  activerecord (4.1.2) lib/active_record/query_cache.rb:36:in `call'
  activerecord (4.1.2) lib/active_record/connection_adapters/abstract/connection_pool.rb:621:in `call'
  activerecord (4.1.2) lib/active_record/migration.rb:380:in `call'
  actionpack (4.1.2) lib/action_dispatch/middleware/callbacks.rb:29:in `block in call'
  activesupport (4.1.2) lib/active_support/callbacks.rb:82:in `run_callbacks'
  actionpack (4.1.2) lib/action_dispatch/middleware/callbacks.rb:27:in `call'
  actionpack (4.1.2) lib/action_dispatch/middleware/reloader.rb:73:in `call'
  actionpack (4.1.2) lib/action_dispatch/middleware/remote_ip.rb:76:in `call'
  actionpack (4.1.2) lib/action_dispatch/middleware/debug_exceptions.rb:17:in `call'
  actionpack (4.1.2) lib/action_dispatch/middleware/show_exceptions.rb:30:in `call'
  railties (4.1.2) lib/rails/rack/logger.rb:38:in `call_app'
  railties (4.1.2) lib/rails/rack/logger.rb:20:in `block in call'
  activesupport (4.1.2) lib/active_support/tagged_logging.rb:68:in `block in tagged'
  activesupport (4.1.2) lib/active_support/tagged_logging.rb:26:in `tagged'
  activesupport (4.1.2) lib/active_support/tagged_logging.rb:68:in `tagged'
  railties (4.1.2) lib/rails/rack/logger.rb:20:in `call'
  actionpack (4.1.2) lib/action_dispatch/middleware/request_id.rb:21:in `call'
  rack (1.5.5) lib/rack/methodoverride.rb:21:in `call'
  rack (1.5.5) lib/rack/runtime.rb:17:in `call'
  activesupport (4.1.2) lib/active_support/cache/strategy/local_cache_middleware.rb:26:in `call'
  rack (1.5.5) lib/rack/lock.rb:17:in `call'
  actionpack (4.1.2) lib/action_dispatch/middleware/static.rb:64:in `call'
  rack (1.5.5) lib/rack/sendfile.rb:112:in `call'
  railties (4.1.2) lib/rails/engine.rb:514:in `call'
  railties (4.1.2) lib/rails/application.rb:144:in `call'
  passenger (5.0.6) lib/phusion_passenger/rack/thread_handler_extension.rb:85:in `process_request'
  passenger (5.0.6) lib/phusion_passenger/request_handler/thread_handler.rb:155:in `accept_and_process_next_request'
  passenger (5.0.6) lib/phusion_passenger/request_handler/thread_handler.rb:110:in `main_loop'
  passenger (5.0.6) lib/phusion_passenger/request_handler.rb:414:in `block (3 levels) in start_threads'
  passenger (5.0.6) lib/phusion_passenger/utils.rb:111:in `block in create_thread_and_abort_on_exception'


  Rendered /home/mwatha/.rvm/gems/ruby-2.1.2/gems/actionpack-4.1.2/lib/action_dispatch/middleware/templates/rescues/_trace.html.erb (0.7ms)
  Rendered /home/mwatha/.rvm/gems/ruby-2.1.2/gems/actionpack-4.1.2/lib/action_dispatch/middleware/templates/routes/_route.html.erb (0.7ms)
  Rendered /home/mwatha/.rvm/gems/ruby-2.1.2/gems/actionpack-4.1.2/lib/action_dispatch/middleware/templates/routes/_table.html.erb (3.2ms)
  Rendered /home/mwatha/.rvm/gems/ruby-2.1.2/gems/actionpack-4.1.2/lib/action_dispatch/middleware/templates/rescues/routing_error.html.erb within rescues/layout (15.0ms)


Started GET "/" for 127.0.0.1 at 2015-08-24 16:34:51 +0200

ActionController::RoutingError (uninitialized constant UserController):
  activesupport (4.1.2) lib/active_support/inflector/methods.rb:238:in `const_get'
  activesupport (4.1.2) lib/active_support/inflector/methods.rb:238:in `block in constantize'
  activesupport (4.1.2) lib/active_support/inflector/methods.rb:236:in `each'
  activesupport (4.1.2) lib/active_support/inflector/methods.rb:236:in `inject'
  activesupport (4.1.2) lib/active_support/inflector/methods.rb:236:in `constantize'
  actionpack (4.1.2) lib/action_dispatch/routing/route_set.rb:78:in `controller_reference'
  actionpack (4.1.2) lib/action_dispatch/routing/route_set.rb:68:in `controller'
  actionpack (4.1.2) lib/action_dispatch/routing/route_set.rb:46:in `call'
  actionpack (4.1.2) lib/action_dispatch/journey/router.rb:71:in `block in call'
  actionpack (4.1.2) lib/action_dispatch/journey/router.rb:59:in `each'
  actionpack (4.1.2) lib/action_dispatch/journey/router.rb:59:in `call'
  actionpack (4.1.2) lib/action_dispatch/routing/route_set.rb:678:in `call'
  rack (1.5.5) lib/rack/etag.rb:23:in `call'
  rack (1.5.5) lib/rack/conditionalget.rb:25:in `call'
  rack (1.5.5) lib/rack/head.rb:11:in `call'
  actionpack (4.1.2) lib/action_dispatch/middleware/params_parser.rb:27:in `call'
  actionpack (4.1.2) lib/action_dispatch/middleware/flash.rb:254:in `call'
  rack (1.5.5) lib/rack/session/abstract/id.rb:225:in `context'
  rack (1.5.5) lib/rack/session/abstract/id.rb:220:in `call'
  actionpack (4.1.2) lib/action_dispatch/middleware/cookies.rb:560:in `call'
  activerecord (4.1.2) lib/active_record/query_cache.rb:36:in `call'
  activerecord (4.1.2) lib/active_record/connection_adapters/abstract/connection_pool.rb:621:in `call'
  activerecord (4.1.2) lib/active_record/migration.rb:380:in `call'
  actionpack (4.1.2) lib/action_dispatch/middleware/callbacks.rb:29:in `block in call'
  activesupport (4.1.2) lib/active_support/callbacks.rb:82:in `run_callbacks'
  actionpack (4.1.2) lib/action_dispatch/middleware/callbacks.rb:27:in `call'
  actionpack (4.1.2) lib/action_dispatch/middleware/reloader.rb:73:in `call'
  actionpack (4.1.2) lib/action_dispatch/middleware/remote_ip.rb:76:in `call'
  actionpack (4.1.2) lib/action_dispatch/middleware/debug_exceptions.rb:17:in `call'
  actionpack (4.1.2) lib/action_dispatch/middleware/show_exceptions.rb:30:in `call'
  railties (4.1.2) lib/rails/rack/logger.rb:38:in `call_app'
  railties (4.1.2) lib/rails/rack/logger.rb:20:in `block in call'
  activesupport (4.1.2) lib/active_support/tagged_logging.rb:68:in `block in tagged'
  activesupport (4.1.2) lib/active_support/tagged_logging.rb:26:in `tagged'
  activesupport (4.1.2) lib/active_support/tagged_logging.rb:68:in `tagged'
  railties (4.1.2) lib/rails/rack/logger.rb:20:in `call'
  actionpack (4.1.2) lib/action_dispatch/middleware/request_id.rb:21:in `call'
  rack (1.5.5) lib/rack/methodoverride.rb:21:in `call'
  rack (1.5.5) lib/rack/runtime.rb:17:in `call'
  activesupport (4.1.2) lib/active_support/cache/strategy/local_cache_middleware.rb:26:in `call'
  rack (1.5.5) lib/rack/lock.rb:17:in `call'
  actionpack (4.1.2) lib/action_dispatch/middleware/static.rb:64:in `call'
  rack (1.5.5) lib/rack/sendfile.rb:112:in `call'
  railties (4.1.2) lib/rails/engine.rb:514:in `call'
  railties (4.1.2) lib/rails/application.rb:144:in `call'
  passenger (5.0.6) lib/phusion_passenger/rack/thread_handler_extension.rb:85:in `process_request'
  passenger (5.0.6) lib/phusion_passenger/request_handler/thread_handler.rb:149:in `accept_and_process_next_request'
  passenger (5.0.6) lib/phusion_passenger/request_handler/thread_handler.rb:110:in `main_loop'
  passenger (5.0.6) lib/phusion_passenger/request_handler.rb:414:in `block (3 levels) in start_threads'
  passenger (5.0.6) lib/phusion_passenger/utils.rb:111:in `block in create_thread_and_abort_on_exception'


  Rendered /home/mwatha/.rvm/gems/ruby-2.1.2/gems/actionpack-4.1.2/lib/action_dispatch/middleware/templates/rescues/_trace.html.erb (0.8ms)
  Rendered /home/mwatha/.rvm/gems/ruby-2.1.2/gems/actionpack-4.1.2/lib/action_dispatch/middleware/templates/routes/_route.html.erb (0.6ms)
  Rendered /home/mwatha/.rvm/gems/ruby-2.1.2/gems/actionpack-4.1.2/lib/action_dispatch/middleware/templates/routes/_table.html.erb (0.7ms)
  Rendered /home/mwatha/.rvm/gems/ruby-2.1.2/gems/actionpack-4.1.2/lib/action_dispatch/middleware/templates/rescues/routing_error.html.erb within rescues/layout (9.0ms)


Started HEAD "/" for 127.0.0.1 at 2015-08-24 16:36:49 +0200
  [1m[36mActiveRecord::SchemaMigration Load (0.7ms)[0m  [1mSELECT `schema_migrations`.* FROM `schema_migrations`[0m

ActionController::RoutingError (uninitialized constant UserController):
  activesupport (4.1.2) lib/active_support/inflector/methods.rb:238:in `const_get'
  activesupport (4.1.2) lib/active_support/inflector/methods.rb:238:in `block in constantize'
  activesupport (4.1.2) lib/active_support/inflector/methods.rb:236:in `each'
  activesupport (4.1.2) lib/active_support/inflector/methods.rb:236:in `inject'
  activesupport (4.1.2) lib/active_support/inflector/methods.rb:236:in `constantize'
  actionpack (4.1.2) lib/action_dispatch/routing/route_set.rb:78:in `controller_reference'
  actionpack (4.1.2) lib/action_dispatch/routing/route_set.rb:68:in `controller'
  actionpack (4.1.2) lib/action_dispatch/routing/route_set.rb:46:in `call'
  actionpack (4.1.2) lib/action_dispatch/journey/router.rb:71:in `block in call'
  actionpack (4.1.2) lib/action_dispatch/journey/router.rb:59:in `each'
  actionpack (4.1.2) lib/action_dispatch/journey/router.rb:59:in `call'
  actionpack (4.1.2) lib/action_dispatch/routing/route_set.rb:678:in `call'
  rack (1.5.5) lib/rack/etag.rb:23:in `call'
  rack (1.5.5) lib/rack/conditionalget.rb:25:in `call'
  rack (1.5.5) lib/rack/head.rb:11:in `call'
  actionpack (4.1.2) lib/action_dispatch/middleware/params_parser.rb:27:in `call'
  actionpack (4.1.2) lib/action_dispatch/middleware/flash.rb:254:in `call'
  rack (1.5.5) lib/rack/session/abstract/id.rb:225:in `context'
  rack (1.5.5) lib/rack/session/abstract/id.rb:220:in `call'
  actionpack (4.1.2) lib/action_dispatch/middleware/cookies.rb:560:in `call'
  activerecord (4.1.2) lib/active_record/query_cache.rb:36:in `call'
  activerecord (4.1.2) lib/active_record/connection_adapters/abstract/connection_pool.rb:621:in `call'
  activerecord (4.1.2) lib/active_record/migration.rb:380:in `call'
  actionpack (4.1.2) lib/action_dispatch/middleware/callbacks.rb:29:in `block in call'
  activesupport (4.1.2) lib/active_support/callbacks.rb:82:in `run_callbacks'
  actionpack (4.1.2) lib/action_dispatch/middleware/callbacks.rb:27:in `call'
  actionpack (4.1.2) lib/action_dispatch/middleware/reloader.rb:73:in `call'
  actionpack (4.1.2) lib/action_dispatch/middleware/remote_ip.rb:76:in `call'
  actionpack (4.1.2) lib/action_dispatch/middleware/debug_exceptions.rb:17:in `call'
  actionpack (4.1.2) lib/action_dispatch/middleware/show_exceptions.rb:30:in `call'
  railties (4.1.2) lib/rails/rack/logger.rb:38:in `call_app'
  railties (4.1.2) lib/rails/rack/logger.rb:20:in `block in call'
  activesupport (4.1.2) lib/active_support/tagged_logging.rb:68:in `block in tagged'
  activesupport (4.1.2) lib/active_support/tagged_logging.rb:26:in `tagged'
  activesupport (4.1.2) lib/active_support/tagged_logging.rb:68:in `tagged'
  railties (4.1.2) lib/rails/rack/logger.rb:20:in `call'
  actionpack (4.1.2) lib/action_dispatch/middleware/request_id.rb:21:in `call'
  rack (1.5.5) lib/rack/methodoverride.rb:21:in `call'
  rack (1.5.5) lib/rack/runtime.rb:17:in `call'
  activesupport (4.1.2) lib/active_support/cache/strategy/local_cache_middleware.rb:26:in `call'
  rack (1.5.5) lib/rack/lock.rb:17:in `call'
  actionpack (4.1.2) lib/action_dispatch/middleware/static.rb:64:in `call'
  rack (1.5.5) lib/rack/sendfile.rb:112:in `call'
  railties (4.1.2) lib/rails/engine.rb:514:in `call'
  railties (4.1.2) lib/rails/application.rb:144:in `call'
  passenger (5.0.6) lib/phusion_passenger/rack/thread_handler_extension.rb:85:in `process_request'
  passenger (5.0.6) lib/phusion_passenger/request_handler/thread_handler.rb:155:in `accept_and_process_next_request'
  passenger (5.0.6) lib/phusion_passenger/request_handler/thread_handler.rb:110:in `main_loop'
  passenger (5.0.6) lib/phusion_passenger/request_handler.rb:414:in `block (3 levels) in start_threads'
  passenger (5.0.6) lib/phusion_passenger/utils.rb:111:in `block in create_thread_and_abort_on_exception'


  Rendered /home/mwatha/.rvm/gems/ruby-2.1.2/gems/actionpack-4.1.2/lib/action_dispatch/middleware/templates/rescues/_trace.html.erb (0.6ms)
  Rendered /home/mwatha/.rvm/gems/ruby-2.1.2/gems/actionpack-4.1.2/lib/action_dispatch/middleware/templates/routes/_route.html.erb (0.4ms)
  Rendered /home/mwatha/.rvm/gems/ruby-2.1.2/gems/actionpack-4.1.2/lib/action_dispatch/middleware/templates/routes/_table.html.erb (2.9ms)
  Rendered /home/mwatha/.rvm/gems/ruby-2.1.2/gems/actionpack-4.1.2/lib/action_dispatch/middleware/templates/rescues/routing_error.html.erb within rescues/layout (12.2ms)




Started GET "/" for 127.0.0.1 at 2015-08-25 10:47:03 +0200
Started HEAD "/" for 127.0.0.1 at 2015-08-25 10:47:03 +0200
  [1m[36mActiveRecord::SchemaMigration Load (1.0ms)[0m  [1mSELECT `schema_migrations`.* FROM `schema_migrations`[0m
  [1m[36mActiveRecord::SchemaMigration Load (1.0ms)[0m  [1mSELECT `schema_migrations`.* FROM `schema_migrations`[0m

ActionController::RoutingError (uninitialized constant UserController):
  activesupport (4.1.2) lib/active_support/inflector/methods.rb:238:in `const_get'
  activesupport (4.1.2) lib/active_support/inflector/methods.rb:238:in `block in constantize'
  activesupport (4.1.2) lib/active_support/inflector/methods.rb:236:in `each'
  activesupport (4.1.2) lib/active_support/inflector/methods.rb:236:in `inject'
  activesupport (4.1.2) lib/active_support/inflector/methods.rb:236:in `constantize'
  actionpack (4.1.2) lib/action_dispatch/routing/route_set.rb:78:in `controller_reference'
  actionpack (4.1.2) lib/action_dispatch/routing/route_set.rb:68:in `controller'
  actionpack (4.1.2) lib/action_dispatch/routing/route_set.rb:46:in `call'
  actionpack (4.1.2) lib/action_dispatch/journey/router.rb:71:in `block in call'
  actionpack (4.1.2) lib/action_dispatch/journey/router.rb:59:in `each'
  actionpack (4.1.2) lib/action_dispatch/journey/router.rb:59:in `call'
  actionpack (4.1.2) lib/action_dispatch/routing/route_set.rb:678:in `call'
  rack (1.5.5) lib/rack/etag.rb:23:in `call'
  rack (1.5.5) lib/rack/conditionalget.rb:25:in `call'
  rack (1.5.5) lib/rack/head.rb:11:in `call'
  actionpack (4.1.2) lib/action_dispatch/middleware/params_parser.rb:27:in `call'
  actionpack (4.1.2) lib/action_dispatch/middleware/flash.rb:254:in `call'
  rack (1.5.5) lib/rack/session/abstract/id.rb:225:in `context'
  rack (1.5.5) lib/rack/session/abstract/id.rb:220:in `call'
  actionpack (4.1.2) lib/action_dispatch/middleware/cookies.rb:560:in `call'
  activerecord (4.1.2) lib/active_record/query_cache.rb:36:in `call'
  activerecord (4.1.2) lib/active_record/connection_adapters/abstract/connection_pool.rb:621:in `call'
  activerecord (4.1.2) lib/active_record/migration.rb:380:in `call'
  actionpack (4.1.2) lib/action_dispatch/middleware/callbacks.rb:29:in `block in call'
  activesupport (4.1.2) lib/active_support/callbacks.rb:82:in `run_callbacks'
  actionpack (4.1.2) lib/action_dispatch/middleware/callbacks.rb:27:in `call'
  actionpack (4.1.2) lib/action_dispatch/middleware/reloader.rb:73:in `call'
  actionpack (4.1.2) lib/action_dispatch/middleware/remote_ip.rb:76:in `call'
  actionpack (4.1.2) lib/action_dispatch/middleware/debug_exceptions.rb:17:in `call'
  actionpack (4.1.2) lib/action_dispatch/middleware/show_exceptions.rb:30:in `call'
  railties (4.1.2) lib/rails/rack/logger.rb:38:in `call_app'
  railties (4.1.2) lib/rails/rack/logger.rb:20:in `block in call'
  activesupport (4.1.2) lib/active_support/tagged_logging.rb:68:in `block in tagged'
  activesupport (4.1.2) lib/active_support/tagged_logging.rb:26:in `tagged'
  activesupport (4.1.2) lib/active_support/tagged_logging.rb:68:in `tagged'
  railties (4.1.2) lib/rails/rack/logger.rb:20:in `call'
  actionpack (4.1.2) lib/action_dispatch/middleware/request_id.rb:21:in `call'
  rack (1.5.5) lib/rack/methodoverride.rb:21:in `call'
  rack (1.5.5) lib/rack/runtime.rb:17:in `call'
  activesupport (4.1.2) lib/active_support/cache/strategy/local_cache_middleware.rb:26:in `call'
  rack (1.5.5) lib/rack/lock.rb:17:in `call'
  actionpack (4.1.2) lib/action_dispatch/middleware/static.rb:64:in `call'
  rack (1.5.5) lib/rack/sendfile.rb:112:in `call'
  railties (4.1.2) lib/rails/engine.rb:514:in `call'
  railties (4.1.2) lib/rails/application.rb:144:in `call'
  passenger (5.0.6) lib/phusion_passenger/rack/thread_handler_extension.rb:85:in `process_request'
  passenger (5.0.6) lib/phusion_passenger/request_handler/thread_handler.rb:149:in `accept_and_process_next_request'
  passenger (5.0.6) lib/phusion_passenger/request_handler/thread_handler.rb:110:in `main_loop'
  passenger (5.0.6) lib/phusion_passenger/request_handler.rb:414:in `block (3 levels) in start_threads'
  passenger (5.0.6) lib/phusion_passenger/utils.rb:111:in `block in create_thread_and_abort_on_exception'



ActionController::RoutingError (uninitialized constant UserController):
  activesupport (4.1.2) lib/active_support/inflector/methods.rb:238:in `const_get'
  activesupport (4.1.2) lib/active_support/inflector/methods.rb:238:in `block in constantize'
  activesupport (4.1.2) lib/active_support/inflector/methods.rb:236:in `each'
  activesupport (4.1.2) lib/active_support/inflector/methods.rb:236:in `inject'
  activesupport (4.1.2) lib/active_support/inflector/methods.rb:236:in `constantize'
  actionpack (4.1.2) lib/action_dispatch/routing/route_set.rb:78:in `controller_reference'
  actionpack (4.1.2) lib/action_dispatch/routing/route_set.rb:68:in `controller'
  actionpack (4.1.2) lib/action_dispatch/routing/route_set.rb:46:in `call'
  actionpack (4.1.2) lib/action_dispatch/journey/router.rb:71:in `block in call'
  actionpack (4.1.2) lib/action_dispatch/journey/router.rb:59:in `each'
  actionpack (4.1.2) lib/action_dispatch/journey/router.rb:59:in `call'
  actionpack (4.1.2) lib/action_dispatch/routing/route_set.rb:678:in `call'
  rack (1.5.5) lib/rack/etag.rb:23:in `call'
  rack (1.5.5) lib/rack/conditionalget.rb:25:in `call'
  rack (1.5.5) lib/rack/head.rb:11:in `call'
  actionpack (4.1.2) lib/action_dispatch/middleware/params_parser.rb:27:in `call'
  actionpack (4.1.2) lib/action_dispatch/middleware/flash.rb:254:in `call'
  rack (1.5.5) lib/rack/session/abstract/id.rb:225:in `context'
  rack (1.5.5) lib/rack/session/abstract/id.rb:220:in `call'
  actionpack (4.1.2) lib/action_dispatch/middleware/cookies.rb:560:in `call'
  activerecord (4.1.2) lib/active_record/query_cache.rb:36:in `call'
  activerecord (4.1.2) lib/active_record/connection_adapters/abstract/connection_pool.rb:621:in `call'
  activerecord (4.1.2) lib/active_record/migration.rb:380:in `call'
  actionpack (4.1.2) lib/action_dispatch/middleware/callbacks.rb:29:in `block in call'
  activesupport (4.1.2) lib/active_support/callbacks.rb:82:in `run_callbacks'
  actionpack (4.1.2) lib/action_dispatch/middleware/callbacks.rb:27:in `call'
  actionpack (4.1.2) lib/action_dispatch/middleware/reloader.rb:73:in `call'
  actionpack (4.1.2) lib/action_dispatch/middleware/remote_ip.rb:76:in `call'
  actionpack (4.1.2) lib/action_dispatch/middleware/debug_exceptions.rb:17:in `call'
  actionpack (4.1.2) lib/action_dispatch/middleware/show_exceptions.rb:30:in `call'
  railties (4.1.2) lib/rails/rack/logger.rb:38:in `call_app'
  railties (4.1.2) lib/rails/rack/logger.rb:20:in `block in call'
  activesupport (4.1.2) lib/active_support/tagged_logging.rb:68:in `block in tagged'
  activesupport (4.1.2) lib/active_support/tagged_logging.rb:26:in `tagged'
  activesupport (4.1.2) lib/active_support/tagged_logging.rb:68:in `tagged'
  railties (4.1.2) lib/rails/rack/logger.rb:20:in `call'
  actionpack (4.1.2) lib/action_dispatch/middleware/request_id.rb:21:in `call'
  rack (1.5.5) lib/rack/methodoverride.rb:21:in `call'
  rack (1.5.5) lib/rack/runtime.rb:17:in `call'
  activesupport (4.1.2) lib/active_support/cache/strategy/local_cache_middleware.rb:26:in `call'
  rack (1.5.5) lib/rack/lock.rb:17:in `call'
  actionpack (4.1.2) lib/action_dispatch/middleware/static.rb:64:in `call'
  rack (1.5.5) lib/rack/sendfile.rb:112:in `call'
  railties (4.1.2) lib/rails/engine.rb:514:in `call'
  railties (4.1.2) lib/rails/application.rb:144:in `call'
  passenger (5.0.6) lib/phusion_passenger/rack/thread_handler_extension.rb:85:in `process_request'
  passenger (5.0.6) lib/phusion_passenger/request_handler/thread_handler.rb:155:in `accept_and_process_next_request'
  passenger (5.0.6) lib/phusion_passenger/request_handler/thread_handler.rb:110:in `main_loop'
  passenger (5.0.6) lib/phusion_passenger/request_handler.rb:414:in `block (3 levels) in start_threads'
  passenger (5.0.6) lib/phusion_passenger/utils.rb:111:in `block in create_thread_and_abort_on_exception'


  Rendered /home/mwatha/.rvm/gems/ruby-2.1.2/gems/actionpack-4.1.2/lib/action_dispatch/middleware/templates/rescues/_trace.html.erb (0.7ms)
  Rendered /home/mwatha/.rvm/gems/ruby-2.1.2/gems/actionpack-4.1.2/lib/action_dispatch/middleware/templates/rescues/_trace.html.erb (0.7ms)
  Rendered /home/mwatha/.rvm/gems/ruby-2.1.2/gems/actionpack-4.1.2/lib/action_dispatch/middleware/templates/routes/_route.html.erb (0.7ms)
  Rendered /home/mwatha/.rvm/gems/ruby-2.1.2/gems/actionpack-4.1.2/lib/action_dispatch/middleware/templates/routes/_route.html.erb (0.7ms)
  Rendered /home/mwatha/.rvm/gems/ruby-2.1.2/gems/actionpack-4.1.2/lib/action_dispatch/middleware/templates/routes/_table.html.erb (15.9ms)
  Rendered /home/mwatha/.rvm/gems/ruby-2.1.2/gems/actionpack-4.1.2/lib/action_dispatch/middleware/templates/routes/_table.html.erb (15.9ms)
  Rendered /home/mwatha/.rvm/gems/ruby-2.1.2/gems/actionpack-4.1.2/lib/action_dispatch/middleware/templates/rescues/routing_error.html.erb within rescues/layout (27.8ms)
  Rendered /home/mwatha/.rvm/gems/ruby-2.1.2/gems/actionpack-4.1.2/lib/action_dispatch/middleware/templates/rescues/routing_error.html.erb within rescues/layout (27.8ms)


Started HEAD "/" for 127.0.0.1 at 2015-08-25 10:50:04 +0200
  [1m[36mActiveRecord::SchemaMigration Load (0.5ms)[0m  [1mSELECT `schema_migrations`.* FROM `schema_migrations`[0m
Processing by UserController#login as HTML
  Rendered user/login.html.erb within layouts/application (1.2ms)
Completed 200 OK in 731ms (Views: 710.4ms | ActiveRecord: 0.0ms)


Started GET "/" for 127.0.0.1 at 2015-08-25 10:50:12 +0200
Processing by UserController#login as HTML
  Rendered user/login.html.erb within layouts/application (0.1ms)
Completed 200 OK in 25ms (Views: 24.6ms | ActiveRecord: 0.0ms)


Started GET "/assets/user.css?body=1" for 127.0.0.1 at 2015-08-25 10:50:12 +0200


Started GET "/assets/user.js?body=1" for 127.0.0.1 at 2015-08-25 10:50:12 +0200


Started GET "/assets/application.css?body=1" for 127.0.0.1 at 2015-08-25 10:50:12 +0200


Started GET "/assets/jquery_ujs.js?body=1" for 127.0.0.1 at 2015-08-25 10:50:12 +0200


Started GET "/assets/turbolinks.js?body=1" for 127.0.0.1 at 2015-08-25 10:50:12 +0200




Started GET "/assets/application.js?body=1" for 127.0.0.1 at 2015-08-25 10:50:12 +0200
Started GET "/assets/jquery.js?body=1" for 127.0.0.1 at 2015-08-25 10:50:12 +0200
  [1m[36mActiveRecord::SchemaMigration Load (1.0ms)[0m  [1mSELECT `schema_migrations`.* FROM `schema_migrations`[0m
  [1m[36mActiveRecord::SchemaMigration Load (0.5ms)[0m  [1mSELECT `schema_migrations`.* FROM `schema_migrations`[0m
Migrating to CreateUserRoles (20150825085107)
  [1m[35m (103.9ms)[0m  CREATE TABLE `user_roles` (`id` int(11) auto_increment PRIMARY KEY, `user_id` int(11), `role` varchar(255) NOT NULL, `created_at` datetime, `updated_at` datetime) ENGINE=InnoDB
  [1m[36m (233.5ms)[0m  [1mALTER TABLE `user_roles` DROP `id`[0m
  [1m[35mSQL (0.1ms)[0m  BEGIN
  [1m[36mSQL (0.5ms)[0m  [1mINSERT INTO `schema_migrations` (`version`) VALUES (?)[0m  [["version", "20150825085107"]]
  [1m[35m (46.5ms)[0m  COMMIT
Migrating to CreateEncounters (20150825085140)
  [1m[36m (88.5ms)[0m  [1mCREATE TABLE `encounter` (`encounter_id` int(11) auto_increment PRIMARY KEY, `encounter_type_id` int(11) NOT NULL, `action_id` int(11), `encounter_datetime` datetime, `site_id` int(11), `created_at` datetime, `updated_at` datetime) ENGINE=InnoDB[0m
  [1m[35mSQL (0.1ms)[0m  BEGIN
  [1m[36mSQL (0.2ms)[0m  [1mINSERT INTO `schema_migrations` (`version`) VALUES (?)[0m  [["version", "20150825085140"]]
  [1m[35m (54.4ms)[0m  COMMIT
Migrating to CreateEncounterTypes (20150825085152)
  [1m[36m (88.4ms)[0m  [1mCREATE TABLE `encounter_type` (`encounter_type_id` int(11) auto_increment PRIMARY KEY, `name` varchar(255) NOT NULL, `description` text, `created_at` datetime, `updated_at` datetime) ENGINE=InnoDB[0m
  [1m[35mSQL (0.1ms)[0m  BEGIN
  [1m[36mSQL (0.2ms)[0m  [1mINSERT INTO `schema_migrations` (`version`) VALUES (?)[0m  [["version", "20150825085152"]]
  [1m[35m (54.5ms)[0m  COMMIT
Migrating to CreateSites (20150825085204)
  [1m[36m (88.4ms)[0m  [1mCREATE TABLE `site` (`site_id` int(11) auto_increment PRIMARY KEY, `name` varchar(255), `description` varchar(255), `created_at` datetime, `updated_at` datetime) ENGINE=InnoDB[0m
  [1m[35mSQL (0.1ms)[0m  BEGIN
  [1m[36mSQL (0.2ms)[0m  [1mINSERT INTO `schema_migrations` (`version`) VALUES (?)[0m  [["version", "20150825085204"]]
  [1m[35m (54.5ms)[0m  COMMIT
Migrating to CreateActionTakens (20150825085238)
  [1m[36m (88.5ms)[0m  [1mCREATE TABLE `action_taken` (`action_id` int(11) auto_increment PRIMARY KEY, `user_id` int(11), `action_type_id` int(11), `action_date` date, `created_at` datetime, `updated_at` datetime) ENGINE=InnoDB[0m
  [1m[35mSQL (0.1ms)[0m  BEGIN
  [1m[36mSQL (0.2ms)[0m  [1mINSERT INTO `schema_migrations` (`version`) VALUES (?)[0m  [["version", "20150825085238"]]
  [1m[35m (54.4ms)[0m  COMMIT
Migrating to CreateActionTypes (20150825085310)
  [1m[36m (88.4ms)[0m  [1mCREATE TABLE `action_type` (`action_type_id` int(11) auto_increment PRIMARY KEY, `name` varchar(255), `description` varchar(255), `created_at` datetime, `updated_at` datetime) ENGINE=InnoDB[0m
  [1m[35mSQL (0.1ms)[0m  BEGIN
  [1m[36mSQL (0.2ms)[0m  [1mINSERT INTO `schema_migrations` (`version`) VALUES (?)[0m  [["version", "20150825085310"]]
  [1m[35m (43.3ms)[0m  COMMIT
Migrating to CreateSyncStatuses (20150825085333)
  [1m[36m (77.4ms)[0m  [1mCREATE TABLE `sync_status` (`sync_status_id` int(11) auto_increment PRIMARY KEY, `site_id` int(11), `start_datetime` datetime NOT NULL, `end_datetime` datetime, `created_at` datetime, `updated_at` datetime) ENGINE=InnoDB[0m
  [1m[35mSQL (0.1ms)[0m  BEGIN
  [1m[36mSQL (0.2ms)[0m  [1mINSERT INTO `schema_migrations` (`version`) VALUES (?)[0m  [["version", "20150825085333"]]
  [1m[35m (43.3ms)[0m  COMMIT
  [1m[36mActiveRecord::SchemaMigration Load (0.1ms)[0m  [1mSELECT `schema_migrations`.* FROM `schema_migrations`[0m


Started HEAD "/" for 127.0.0.1 at 2015-08-25 12:04:47 +0200
  [1m[36mActiveRecord::SchemaMigration Load (0.6ms)[0m  [1mSELECT `schema_migrations`.* FROM `schema_migrations`[0m
Processing by UserController#login as HTML
  Rendered user/login.html.erb within layouts/application (0.6ms)
Completed 200 OK in 58ms (Views: 49.4ms | ActiveRecord: 0.0ms)


Started GET "/" for 127.0.0.1 at 2015-08-25 12:04:52 +0200
Processing by UserController#login as HTML
  Rendered user/login.html.erb within layouts/application (0.0ms)
Completed 200 OK in 17ms (Views: 16.9ms | ActiveRecord: 0.0ms)


Started GET "/assets/application.css?body=1" for 127.0.0.1 at 2015-08-25 12:04:52 +0200


Started GET "/assets/jquery.js?body=1" for 127.0.0.1 at 2015-08-25 12:04:52 +0200


Started GET "/assets/jquery_ujs.js?body=1" for 127.0.0.1 at 2015-08-25 12:04:52 +0200


Started GET "/assets/turbolinks.js?body=1" for 127.0.0.1 at 2015-08-25 12:04:52 +0200


Started GET "/assets/application.js?body=1" for 127.0.0.1 at 2015-08-25 12:04:52 +0200


Started GET "/assets/user.css?body=1" for 127.0.0.1 at 2015-08-25 12:04:52 +0200


Started GET "/assets/user.js?body=1" for 127.0.0.1 at 2015-08-25 12:04:52 +0200


Started GET "/" for 127.0.0.1 at 2015-08-25 12:04:54 +0200
Processing by UserController#login as HTML
  Rendered user/login.html.erb within layouts/application (0.0ms)
Completed 200 OK in 21ms (Views: 20.2ms | ActiveRecord: 0.0ms)


Started GET "/assets/user.css?body=1" for 127.0.0.1 at 2015-08-25 12:04:54 +0200


Started GET "/assets/jquery.js?body=1" for 127.0.0.1 at 2015-08-25 12:04:54 +0200


Started GET "/assets/jquery_ujs.js?body=1" for 127.0.0.1 at 2015-08-25 12:04:54 +0200


Started GET "/assets/turbolinks.js?body=1" for 127.0.0.1 at 2015-08-25 12:04:54 +0200


Started GET "/assets/user.js?body=1" for 127.0.0.1 at 2015-08-25 12:04:54 +0200


Started GET "/assets/application.js?body=1" for 127.0.0.1 at 2015-08-25 12:04:54 +0200


Started GET "/assets/application.css?body=1" for 127.0.0.1 at 2015-08-25 12:04:54 +0200
  [1m[36mActiveRecord::SchemaMigration Load (0.6ms)[0m  [1mSELECT `schema_migrations`.* FROM `schema_migrations`[0m
  [1m[36mActionType Load (0.8ms)[0m  [1mSELECT  `action_type`.* FROM `action_type`   ORDER BY `action_type`.`action_type_id` DESC LIMIT 1[0m


Started HEAD "/" for 127.0.0.1 at 2015-08-25 12:25:08 +0200
  [1m[36mActiveRecord::SchemaMigration Load (0.5ms)[0m  [1mSELECT `schema_migrations`.* FROM `schema_migrations`[0m
Processing by HomeController#index as HTML
  Rendered home/index.html.erb within layouts/application (0.6ms)
Completed 200 OK in 196ms (Views: 189.7ms | ActiveRecord: 0.0ms)


Started GET "/" for 127.0.0.1 at 2015-08-25 12:25:10 +0200
Processing by HomeController#index as HTML
  Rendered home/index.html.erb within layouts/application (0.1ms)
Completed 200 OK in 27ms (Views: 26.1ms | ActiveRecord: 0.0ms)


Started GET "/assets/home.css?body=1" for 127.0.0.1 at 2015-08-25 12:25:10 +0200


Started GET "/assets/user.css?body=1" for 127.0.0.1 at 2015-08-25 12:25:10 +0200


Started GET "/assets/application.css?body=1" for 127.0.0.1 at 2015-08-25 12:25:10 +0200


Started GET "/assets/jquery.js?body=1" for 127.0.0.1 at 2015-08-25 12:25:10 +0200


Started GET "/assets/jquery_ujs.js?body=1" for 127.0.0.1 at 2015-08-25 12:25:10 +0200


Started GET "/assets/turbolinks.js?body=1" for 127.0.0.1 at 2015-08-25 12:25:10 +0200


Started GET "/assets/home.js?body=1" for 127.0.0.1 at 2015-08-25 12:25:10 +0200


Started GET "/assets/user.js?body=1" for 127.0.0.1 at 2015-08-25 12:25:10 +0200


Started GET "/assets/application.js?body=1" for 127.0.0.1 at 2015-08-25 12:25:10 +0200


Started HEAD "/" for 127.0.0.1 at 2015-08-25 12:29:33 +0200
  [1m[36mActiveRecord::SchemaMigration Load (0.6ms)[0m  [1mSELECT `schema_migrations`.* FROM `schema_migrations`[0m
Processing by HomeController#index as HTML
Redirected to http://0.0.0.0/user/login
Filter chain halted as :check_logged_in rendered or redirected
Completed 302 Found in 6ms (ActiveRecord: 0.0ms)


Started GET "/" for 127.0.0.1 at 2015-08-25 12:29:36 +0200
Processing by HomeController#index as HTML
Redirected to http://localhost:3000/user/login
Filter chain halted as :check_logged_in rendered or redirected
Completed 302 Found in 1ms (ActiveRecord: 0.0ms)


Started GET "/user/login" for 127.0.0.1 at 2015-08-25 12:29:36 +0200
Processing by UserController#login as HTML
  Rendered user/login.html.erb within layouts/application (0.7ms)
Completed 200 OK in 57ms (Views: 56.1ms | ActiveRecord: 0.0ms)


Started GET "/assets/home.css?body=1" for 127.0.0.1 at 2015-08-25 12:29:36 +0200


Started GET "/assets/user.css?body=1" for 127.0.0.1 at 2015-08-25 12:29:36 +0200


Started GET "/assets/application.css?body=1" for 127.0.0.1 at 2015-08-25 12:29:36 +0200


Started GET "/assets/jquery.js?body=1" for 127.0.0.1 at 2015-08-25 12:29:36 +0200


Started GET "/assets/jquery_ujs.js?body=1" for 127.0.0.1 at 2015-08-25 12:29:36 +0200


Started GET "/assets/turbolinks.js?body=1" for 127.0.0.1 at 2015-08-25 12:29:36 +0200


Started GET "/assets/home.js?body=1" for 127.0.0.1 at 2015-08-25 12:29:36 +0200


Started GET "/assets/user.js?body=1" for 127.0.0.1 at 2015-08-25 12:29:36 +0200


Started GET "/assets/application.js?body=1" for 127.0.0.1 at 2015-08-25 12:29:36 +0200


Started GET "/" for 127.0.0.1 at 2015-08-25 12:29:42 +0200
Processing by HomeController#index as HTML
Redirected to http://localhost:3000/user/login
Filter chain halted as :check_logged_in rendered or redirected
Completed 302 Found in 1ms (ActiveRecord: 0.0ms)


Started GET "/user/login" for 127.0.0.1 at 2015-08-25 12:29:42 +0200
Processing by UserController#login as HTML
  Rendered user/login.html.erb within layouts/application (0.0ms)
Completed 200 OK in 22ms (Views: 21.4ms | ActiveRecord: 0.0ms)


Started GET "/assets/home.css?body=1" for 127.0.0.1 at 2015-08-25 12:29:42 +0200


Started GET "/assets/application.css?body=1" for 127.0.0.1 at 2015-08-25 12:29:42 +0200


Started GET "/assets/jquery.js?body=1" for 127.0.0.1 at 2015-08-25 12:29:42 +0200


Started GET "/assets/jquery_ujs.js?body=1" for 127.0.0.1 at 2015-08-25 12:29:42 +0200


Started GET "/assets/turbolinks.js?body=1" for 127.0.0.1 at 2015-08-25 12:29:42 +0200


Started GET "/assets/home.js?body=1" for 127.0.0.1 at 2015-08-25 12:29:42 +0200


Started GET "/assets/user.js?body=1" for 127.0.0.1 at 2015-08-25 12:29:42 +0200


Started GET "/assets/application.js?body=1" for 127.0.0.1 at 2015-08-25 12:29:42 +0200


Started GET "/assets/user.css?body=1" for 127.0.0.1 at 2015-08-25 12:29:42 +0200
  [1m[36mActiveRecord::SchemaMigration Load (0.6ms)[0m  [1mSELECT `schema_migrations`.* FROM `schema_migrations`[0m


Started HEAD "/" for 127.0.0.1 at 2015-08-25 12:33:08 +0200
  [1m[36mActiveRecord::SchemaMigration Load (0.8ms)[0m  [1mSELECT `schema_migrations`.* FROM `schema_migrations`[0m
Processing by HomeController#index as HTML
Redirected to http://0.0.0.0/user/login
Filter chain halted as :check_logged_in rendered or redirected
Completed 302 Found in 6ms (ActiveRecord: 0.0ms)


Started GET "/user/login" for 127.0.0.1 at 2015-08-25 12:33:08 +0200
Processing by UserController#login as HTML
  Rendered user/login.html.erb within layouts/application (0.7ms)
Completed 200 OK in 60ms (Views: 59.6ms | ActiveRecord: 0.0ms)


Started GET "/assets/home.css?body=1" for 127.0.0.1 at 2015-08-25 12:33:08 +0200


Started GET "/assets/application.css?body=1" for 127.0.0.1 at 2015-08-25 12:33:08 +0200


Started GET "/assets/jquery.js?body=1" for 127.0.0.1 at 2015-08-25 12:33:08 +0200


Started GET "/assets/jquery_ujs.js?body=1" for 127.0.0.1 at 2015-08-25 12:33:08 +0200


Started GET "/assets/turbolinks.js?body=1" for 127.0.0.1 at 2015-08-25 12:33:08 +0200


Started GET "/assets/home.js?body=1" for 127.0.0.1 at 2015-08-25 12:33:08 +0200


Started GET "/assets/user.js?body=1" for 127.0.0.1 at 2015-08-25 12:33:08 +0200


Started GET "/assets/application.js?body=1" for 127.0.0.1 at 2015-08-25 12:33:08 +0200


Started GET "/assets/user.css?body=1" for 127.0.0.1 at 2015-08-25 12:33:08 +0200
  [1m[36mActiveRecord::SchemaMigration Load (0.6ms)[0m  [1mSELECT `schema_migrations`.* FROM `schema_migrations`[0m
