[ 2015-08-24 16:34:09.1476 16833/7fe38dd7e780 age/Wat/Main.cpp:1264 ]: Starting PassengerAgent watchdog...
[ 2015-08-24 16:34:09.1739 16836/7fc314e57780 age/Hel/Main.cpp:891 ]: Starting PassengerAgent server...
[ 2015-08-24 16:34:09.1743 16836/7fc314e57780 age/Hel/Main.cpp:234 ]: PassengerAgent server running in multi-application mode.
[ 2015-08-24 16:34:09.1797 16836/7fc314e57780 age/Hel/Main.cpp:645 ]: PassengerAgent server online, PID 16836
[ 2015-08-24 16:34:09.1992 16844/7f426cbcf780 age/Log/Main.cpp:439 ]: Starting PassengerAgent logger...
[ 2015-08-24 16:34:09.2014 16844/7f426cbcf780 age/Log/Main.cpp:320 ]: PassengerAgent logger online, PID 16844
App 16877 stdout: 
App 16894 stdout: 


[ 2015-08-24 16:34:45.4465 16836/7fc312f0c700 age/Hel/Main.cpp:455 ]: Signal received. Gracefully shutting down... (send signal 2 more time(s) to force shutdown)
[ 2015-08-24 16:34:45.4465 16844/7f426ad6d700 age/Log/Main.cpp:346 ]: Signal received. Gracefully shutting down... (send signal 2 more time(s) to force shutdown)
[ 2015-08-24 16:34:45.4466 16844/7f426cbcf780 age/Log/Main.cpp:408 ]: Received command to shutdown gracefully. Waiting until all clients have disconnected...
[ 2015-08-24 16:34:45.4466 16836/7fc314e57780 age/Hel/Main.cpp:814 ]: Received command to shutdown gracefully. Waiting until all clients have disconnected...
[ 2015-08-24 16:34:45.4466 16836/7fc314e57780 age/Hel/Main.cpp:732 ]: Disconnecting long-running connections for process 16894, application /var/www/art_data_quality_dashboard/public (development)#default
[ 2015-08-24 16:34:45.4466 16844/7f426ad6d700 Ser/Server.h:455 ]: [LoggerAdminServer] Shutdown finished
[ 2015-08-24 16:34:45.4467 16836/7fc311f0a700 Ser/Server.h:455 ]: [ServerThr.3] Shutdown finished
[ 2015-08-24 16:34:45.4467 16844/7f426cbcf780 age/Log/Main.cpp:433 ]: PassengerAgent logger shutdown finished
[ 2015-08-24 16:34:45.4467 16836/7fc311709700 Ser/Server.h:455 ]: [ServerThr.4] Shutdown finished
[ 2015-08-24 16:34:45.4467 16836/7fc310f08700 Ser/Server.h:455 ]: [ServerThr.5] Shutdown finished
[ 2015-08-24 16:34:45.4467 16836/7fc30bfff700 Ser/Server.h:455 ]: [ServerThr.6] Shutdown finished
[ 2015-08-24 16:34:45.4467 16836/7fc30b7fe700 Ser/Server.h:455 ]: [ServerThr.7] Shutdown finished
[ 2015-08-24 16:34:45.4468 16836/7fc30affd700 Ser/Server.h:455 ]: [ServerThr.8] Shutdown finished
[ 2015-08-24 16:34:45.4468 16836/7fc312f0c700 Ser/Server.h:455 ]: [ServerThr.1] Shutdown finished
[ 2015-08-24 16:34:45.4468 16836/7fc31270b700 Ser/Server.h:455 ]: [ServerThr.2] Shutdown finished
[ 2015-08-24 16:34:45.4469 16836/7fc30a7fc700 Ser/Server.h:455 ]: [AdminServer] Shutdown finished
[ 2015-08-24 16:34:45.4469 16836/7fc314e57780 age/Hel/Main.cpp:732 ]: Disconnecting long-running connections for process 16894, application /var/www/art_data_quality_dashboard/public (development)#default
[ 2015-08-24 16:34:45.5593 16836/7fc314e57780 age/Hel/Main.cpp:876 ]: PassengerAgent server shutdown finished
[ 2015-08-24 16:34:48.3517 16943/7fd0cd690780 age/Wat/Main.cpp:1264 ]: Starting PassengerAgent watchdog...
[ 2015-08-24 16:34:48.3557 16946/7fee2dff1780 age/Hel/Main.cpp:891 ]: Starting PassengerAgent server...
[ 2015-08-24 16:34:48.3559 16946/7fee2dff1780 age/Hel/Main.cpp:234 ]: PassengerAgent server running in multi-application mode.
[ 2015-08-24 16:34:48.3587 16946/7fee2dff1780 age/Hel/Main.cpp:645 ]: PassengerAgent server online, PID 16946
[ 2015-08-24 16:34:48.3646 16951/7f2691388780 age/Log/Main.cpp:439 ]: Starting PassengerAgent logger...
[ 2015-08-24 16:34:48.3650 16951/7f2691388780 age/Log/Main.cpp:320 ]: PassengerAgent logger online, PID 16951
App 16987 stdout: 
App 17004 stdout: 
App 17011 stdout: 

[ 2015-08-24 16:35:36.0960 16946/7fee27fff700 age/Hel/Main.cpp:455 ]: Signal received. Gracefully shutting down... (send signal 2 more time(s) to force shutdown)
[ 2015-08-24 16:35:36.0961 16946/7fee2dff1780 age/Hel/Main.cpp:814 ]: Received command to shutdown gracefully. Waiting until all clients have disconnected...
[ 2015-08-24 16:35:36.0962 16946/7fee2dff1780 age/Hel/Main.cpp:732 ]: Disconnecting long-running connections for process 17004, application /var/www/art_data_quality_dashboard/public (development)#default
[ 2015-08-24 16:35:36.0965 16946/7fee2dff1780 age/Hel/Main.cpp:732 ]: Disconnecting long-running connections for process 17011, application /var/www/art_data_quality_dashboard/public (development)#default

[ 2015-08-24 16:35:36.0969 16951/7f268f526700 age/Log/Main.cpp:346 ]: Signal received. Gracefully shutting down... (send signal 2 more time(s) to force shutdown)
[ 2015-08-24 16:35:36.0970 16946/7fee267fc700 Ser/Server.h:455 ]: [ServerThr.4] Shutdown finished
[ 2015-08-24 16:35:36.0970 16946/7fee257fa700 Ser/Server.h:455 ]: [ServerThr.6] Shutdown finished
[ 2015-08-24 16:35:36.0970 16951/7f2691388780 age/Log/Main.cpp:408 ]: Received command to shutdown gracefully. Waiting until all clients have disconnected...
[ 2015-08-24 16:35:36.0970 16946/7fee26ffd700 Ser/Server.h:455 ]: [ServerThr.3] Shutdown finished
[ 2015-08-24 16:35:36.0971 16946/7fee25ffb700 Ser/Server.h:455 ]: [ServerThr.5] Shutdown finished
[ 2015-08-24 16:35:36.0971 16951/7f268f526700 Ser/Server.h:455 ]: [LoggerAdminServer] Shutdown finished
[ 2015-08-24 16:35:36.0971 16946/7fedfffff700 Ser/Server.h:455 ]: [ServerThr.8] Shutdown finished
[ 2015-08-24 16:35:36.0972 16946/7fee277fe700 Ser/Server.h:455 ]: [ServerThr.2] Shutdown finished
[ 2015-08-24 16:35:36.0972 16946/7fee27fff700 Ser/Server.h:455 ]: [ServerThr.1] Shutdown finished
[ 2015-08-24 16:35:36.0971 16946/7fee24ff9700 Ser/Server.h:455 ]: [ServerThr.7] Shutdown finished
[ 2015-08-24 16:35:36.0973 16946/7fedff7fe700 Ser/Server.h:455 ]: [AdminServer] Shutdown finished
[ 2015-08-24 16:35:36.0973 16951/7f2691388780 age/Log/Main.cpp:433 ]: PassengerAgent logger shutdown finished
[ 2015-08-24 16:35:36.0974 16946/7fee2dff1780 age/Hel/Main.cpp:732 ]: Disconnecting long-running connections for process 17004, application /var/www/art_data_quality_dashboard/public (development)#default
[ 2015-08-24 16:35:36.0976 16946/7fee2dff1780 age/Hel/Main.cpp:732 ]: Disconnecting long-running connections for process 17011, application /var/www/art_data_quality_dashboard/public (development)#default
[ 2015-08-24 16:35:36.2099 16946/7fee2dff1780 age/Hel/Main.cpp:876 ]: PassengerAgent server shutdown finished
[ 2015-08-24 16:36:46.4196 17087/7f6b69e9b780 age/Wat/Main.cpp:1264 ]: Starting PassengerAgent watchdog...
[ 2015-08-24 16:36:46.4239 17090/7f2a2d4af780 age/Hel/Main.cpp:891 ]: Starting PassengerAgent server...
[ 2015-08-24 16:36:46.4241 17090/7f2a2d4af780 age/Hel/Main.cpp:234 ]: PassengerAgent server running in multi-application mode.
[ 2015-08-24 16:36:46.4271 17090/7f2a2d4af780 age/Hel/Main.cpp:645 ]: PassengerAgent server online, PID 17090
[ 2015-08-24 16:36:46.4332 17096/7fc978d5b780 age/Log/Main.cpp:439 ]: Starting PassengerAgent logger...
[ 2015-08-24 16:36:46.4336 17096/7fc978d5b780 age/Log/Main.cpp:320 ]: PassengerAgent logger online, PID 17096
App 17131 stdout: 
App 17149 stdout: 


[ 2015-08-24 16:36:56.4115 17096/7fc976ef9700 age/Log/Main.cpp:346 ]: Signal received. Gracefully shutting down... (send signal 2 more time(s) to force shutdown)
[ 2015-08-24 16:36:56.4116 17090/7f2a2b564700 age/Hel/Main.cpp:455 ]: Signal received. Gracefully shutting down... (send signal 2 more time(s) to force shutdown)
[ 2015-08-24 16:36:56.4116 17096/7fc978d5b780 age/Log/Main.cpp:408 ]: Received command to shutdown gracefully. Waiting until all clients have disconnected...
[ 2015-08-24 16:36:56.4117 17090/7f2a2d4af780 age/Hel/Main.cpp:814 ]: Received command to shutdown gracefully. Waiting until all clients have disconnected...
[ 2015-08-24 16:36:56.4117 17096/7fc976ef9700 Ser/Server.h:455 ]: [LoggerAdminServer] Shutdown finished
[ 2015-08-24 16:36:56.4117 17090/7f2a2d4af780 age/Hel/Main.cpp:732 ]: Disconnecting long-running connections for process 17149, application /var/www/art_data_quality_dashboard/public (development)#default
[ 2015-08-24 16:36:56.4119 17090/7f2a28d5f700 Ser/Server.h:455 ]: [ServerThr.6] Shutdown finished
[ 2015-08-24 16:36:56.4119 17090/7f2a2ad63700 Ser/Server.h:455 ]: [ServerThr.2] Shutdown finished
[ 2015-08-24 16:36:56.4120 17090/7f2a29560700 Ser/Server.h:455 ]: [ServerThr.5] Shutdown finished
[ 2015-08-24 16:36:56.4120 17090/7f2a2a562700 Ser/Server.h:455 ]: [ServerThr.3] Shutdown finished
[ 2015-08-24 16:36:56.4121 17090/7f2a29d61700 Ser/Server.h:455 ]: [ServerThr.4] Shutdown finished
[ 2015-08-24 16:36:56.4121 17090/7f2a2b564700 Ser/Server.h:455 ]: [ServerThr.1] Shutdown finished
[ 2015-08-24 16:36:56.4122 17090/7f2a237fe700 Ser/Server.h:455 ]: [ServerThr.8] Shutdown finished
[ 2015-08-24 16:36:56.4119 17090/7f2a23fff700 Ser/Server.h:455 ]: [ServerThr.7] Shutdown finished
[ 2015-08-24 16:36:56.4123 17096/7fc978d5b780 age/Log/Main.cpp:433 ]: PassengerAgent logger shutdown finished
[ 2015-08-24 16:36:56.4123 17090/7f2a22ffd700 Ser/Server.h:455 ]: [AdminServer] Shutdown finished
[ 2015-08-24 16:36:56.4125 17090/7f2a2d4af780 age/Hel/Main.cpp:732 ]: Disconnecting long-running connections for process 17149, application /var/www/art_data_quality_dashboard/public (development)#default
[ 2015-08-24 16:36:56.5252 17090/7f2a2d4af780 age/Hel/Main.cpp:876 ]: PassengerAgent server shutdown finished
[ 2015-08-25 10:46:55.4901 4805/7ff16be6d780 age/Wat/Main.cpp:1264 ]: Starting PassengerAgent watchdog...
[ 2015-08-25 10:46:55.5388 4808/7f1683c2a780 age/Hel/Main.cpp:891 ]: Starting PassengerAgent server...
[ 2015-08-25 10:46:55.5393 4808/7f1683c2a780 age/Hel/Main.cpp:234 ]: PassengerAgent server running in multi-application mode.
[ 2015-08-25 10:46:55.5464 4808/7f1683c2a780 age/Hel/Main.cpp:645 ]: PassengerAgent server online, PID 4808
[ 2015-08-25 10:46:55.5778 4815/7f3ced7bd780 age/Log/Main.cpp:439 ]: Starting PassengerAgent logger...
[ 2015-08-25 10:46:55.5883 4815/7f3ced7bd780 age/Log/Main.cpp:320 ]: PassengerAgent logger online, PID 4815
App 4849 stdout: 
App 4908 stdout: 
App 4916 stdout: 


[ 2015-08-25 10:47:06.6753 4808/7f1681ce0700 age/Hel/Main.cpp:455 ]: Signal received. Gracefully shutting down... (send signal 2 more time(s) to force shutdown)
[ 2015-08-25 10:47:06.6754 4815/7f3ceb95c700 age/Log/Main.cpp:346 ]: Signal received. Gracefully shutting down... (send signal 2 more time(s) to force shutdown)
[ 2015-08-25 10:47:06.6754 4808/7f1683c2a780 age/Hel/Main.cpp:814 ]: Received command to shutdown gracefully. Waiting until all clients have disconnected...
[ 2015-08-25 10:47:06.6754 4815/7f3ced7bd780 age/Log/Main.cpp:408 ]: Received command to shutdown gracefully. Waiting until all clients have disconnected...
[ 2015-08-25 10:47:06.6754 4808/7f1683c2a780 age/Hel/Main.cpp:732 ]: Disconnecting long-running connections for process 4908, application /var/www/art_data_quality_dashboard/public (development)#default
[ 2015-08-25 10:47:06.6754 4815/7f3ceb95c700 Ser/Server.h:455 ]: [LoggerAdminServer] Shutdown finished
[ 2015-08-25 10:47:06.6755 4808/7f1683c2a780 age/Hel/Main.cpp:732 ]: Disconnecting long-running connections for process 4916, application /var/www/art_data_quality_dashboard/public (development)#default
[ 2015-08-25 10:47:06.6755 4815/7f3ced7bd780 age/Log/Main.cpp:433 ]: PassengerAgent logger shutdown finished
[ 2015-08-25 10:47:06.6755 4808/7f1680cde700 Ser/Server.h:455 ]: [ServerThr.3] Shutdown finished
[ 2015-08-25 10:47:06.6755 4808/7f167bfff700 Ser/Server.h:455 ]: [ServerThr.4] Shutdown finished
[ 2015-08-25 10:47:06.6756 4808/7f167b7fe700 Ser/Server.h:455 ]: [ServerThr.5] Shutdown finished
[ 2015-08-25 10:47:06.6756 4808/7f167affd700 Ser/Server.h:455 ]: [ServerThr.6] Shutdown finished
[ 2015-08-25 10:47:06.6756 4808/7f167a7fc700 Ser/Server.h:455 ]: [ServerThr.7] Shutdown finished
[ 2015-08-25 10:47:06.6757 4808/7f1679ffb700 Ser/Server.h:455 ]: [ServerThr.8] Shutdown finished
[ 2015-08-25 10:47:06.6759 4808/7f16797fa700 Ser/Server.h:455 ]: [AdminServer] Shutdown finished
[ 2015-08-25 10:47:06.6759 4808/7f1681ce0700 Ser/Server.h:455 ]: [ServerThr.1] Shutdown finished
[ 2015-08-25 10:47:06.6759 4808/7f16814df700 Ser/Server.h:455 ]: [ServerThr.2] Shutdown finished
[ 2015-08-25 10:47:06.6760 4808/7f1683c2a780 age/Hel/Main.cpp:732 ]: Disconnecting long-running connections for process 4908, application /var/www/art_data_quality_dashboard/public (development)#default
[ 2015-08-25 10:47:06.6761 4808/7f1683c2a780 age/Hel/Main.cpp:732 ]: Disconnecting long-running connections for process 4916, application /var/www/art_data_quality_dashboard/public (development)#default
[ 2015-08-25 10:47:06.7888 4808/7f1683c2a780 age/Hel/Main.cpp:876 ]: PassengerAgent server shutdown finished
[ 2015-08-25 10:50:00.6914 5078/7ff890504780 age/Wat/Main.cpp:1264 ]: Starting PassengerAgent watchdog...
[ 2015-08-25 10:50:00.6939 5081/7efca924f780 age/Hel/Main.cpp:891 ]: Starting PassengerAgent server...
[ 2015-08-25 10:50:00.6940 5081/7efca924f780 age/Hel/Main.cpp:234 ]: PassengerAgent server running in multi-application mode.
[ 2015-08-25 10:50:00.6955 5081/7efca924f780 age/Hel/Main.cpp:645 ]: PassengerAgent server online, PID 5081
[ 2015-08-25 10:50:00.7022 5087/7ff388182780 age/Log/Main.cpp:439 ]: Starting PassengerAgent logger...
[ 2015-08-25 10:50:00.7025 5087/7ff388182780 age/Log/Main.cpp:320 ]: PassengerAgent logger online, PID 5087
App 5122 stdout: 
App 5140 stdout: 
App 5157 stdout: 
App 5165 stdout: 

[ 2015-08-25 10:50:18.8093 5081/7efca7305700 age/Hel/Main.cpp:455 ]: Signal received. Gracefully shutting down... (send signal 2 more time(s) to force shutdown)
[ 2015-08-25 10:50:18.8093 5081/7efca924f780 age/Hel/Main.cpp:814 ]: Received command to shutdown gracefully. Waiting until all clients have disconnected...
[ 2015-08-25 10:50:18.8094 5081/7efca924f780 age/Hel/Main.cpp:732 ]: Disconnecting long-running connections for process 5140, application /var/www/art_data_quality_dashboard/public (development)#default
[ 2015-08-25 10:50:18.8095 5081/7efca924f780 age/Hel/Main.cpp:732 ]: Disconnecting long-running connections for process 5157, application /var/www/art_data_quality_dashboard/public (development)#default
[ 2015-08-25 10:50:18.8095 5081/7efca924f780 age/Hel/Main.cpp:732 ]: Disconnecting long-running connections for process 5165, application /var/www/art_data_quality_dashboard/public (development)#default
[ 2015-08-25 10:50:18.8096 5081/7efca7305700 Ser/Server.h:455 ]: [ServerThr.1] Shutdown finished
[ 2015-08-25 10:50:18.8096 5081/7efca4b00700 Ser/Server.h:455 ]: [ServerThr.6] Shutdown finished
[ 2015-08-25 10:50:18.8096 5081/7efca6b04700 Ser/Server.h:455 ]: [ServerThr.2] Shutdown finished
[ 2015-08-25 10:50:18.8097 5081/7efca6303700 Ser/Server.h:455 ]: [ServerThr.3] Shutdown finished
[ 2015-08-25 10:50:18.8097 5081/7efca5b02700 Ser/Server.h:455 ]: [ServerThr.4] Shutdown finished
[ 2015-08-25 10:50:18.8097 5081/7efc9ffff700 Ser/Server.h:455 ]: [ServerThr.7] Shutdown finished
[ 2015-08-25 10:50:18.8098 5081/7efca5301700 Ser/Server.h:455 ]: [ServerThr.5] Shutdown finished
[ 2015-08-25 10:50:18.8099 5081/7efc9f7fe700 Ser/Server.h:455 ]: [ServerThr.8] Shutdown finished
[ 2015-08-25 10:50:18.8100 5081/7efc9effd700 Ser/Server.h:455 ]: [AdminServer] Shutdown finished
[ 2015-08-25 10:50:18.8101 5081/7efca924f780 age/Hel/Main.cpp:732 ]: Disconnecting long-running connections for process 5140, application /var/www/art_data_quality_dashboard/public (development)#default
[ 2015-08-25 10:50:18.8102 5081/7efca924f780 age/Hel/Main.cpp:732 ]: Disconnecting long-running connections for process 5157, application /var/www/art_data_quality_dashboard/public (development)#default
[ 2015-08-25 10:50:18.8102 5081/7efca924f780 age/Hel/Main.cpp:732 ]: Disconnecting long-running connections for process 5165, application /var/www/art_data_quality_dashboard/public (development)#default

[ 2015-08-25 10:50:18.8129 5087/7ff386321700 age/Log/Main.cpp:346 ]: Signal received. Gracefully shutting down... (send signal 2 more time(s) to force shutdown)
[ 2015-08-25 10:50:18.8130 5087/7ff388182780 age/Log/Main.cpp:408 ]: Received command to shutdown gracefully. Waiting until all clients have disconnected...
[ 2015-08-25 10:50:18.8131 5087/7ff386321700 Ser/Server.h:455 ]: [LoggerAdminServer] Shutdown finished
[ 2015-08-25 10:50:18.8133 5087/7ff388182780 age/Log/Main.cpp:433 ]: PassengerAgent logger shutdown finished
[ 2015-08-25 10:50:18.9250 5081/7efca924f780 age/Hel/Main.cpp:876 ]: PassengerAgent server shutdown finished
[ 2015-08-25 12:04:44.5181 6221/7f217b6e2780 age/Wat/Main.cpp:1264 ]: Starting PassengerAgent watchdog...
[ 2015-08-25 12:04:44.5209 6224/7f96b1a81780 age/Hel/Main.cpp:891 ]: Starting PassengerAgent server...
[ 2015-08-25 12:04:44.5211 6224/7f96b1a81780 age/Hel/Main.cpp:234 ]: PassengerAgent server running in multi-application mode.
[ 2015-08-25 12:04:44.5242 6224/7f96b1a81780 age/Hel/Main.cpp:645 ]: PassengerAgent server online, PID 6224
[ 2015-08-25 12:04:44.5302 6230/7f8e71bed780 age/Log/Main.cpp:439 ]: Starting PassengerAgent logger...
[ 2015-08-25 12:04:44.5307 6230/7f8e71bed780 age/Log/Main.cpp:320 ]: PassengerAgent logger online, PID 6230
App 6265 stdout: 
App 6282 stdout: 
App 6293 stdout: 
App 6302 stdout: 


[ 2015-08-25 12:05:12.1729 6224/7f96ab7fe700 age/Hel/Main.cpp:455 ]: Signal received. Gracefully shutting down... (send signal 2 more time(s) to force shutdown)
[ 2015-08-25 12:05:12.1730 6230/7f8e6fd8c700 age/Log/Main.cpp:346 ]: Signal received. Gracefully shutting down... (send signal 2 more time(s) to force shutdown)
[ 2015-08-25 12:05:12.1730 6224/7f96b1a81780 age/Hel/Main.cpp:814 ]: Received command to shutdown gracefully. Waiting until all clients have disconnected...
[ 2015-08-25 12:05:12.1731 6230/7f8e71bed780 age/Log/Main.cpp:408 ]: Received command to shutdown gracefully. Waiting until all clients have disconnected...
[ 2015-08-25 12:05:12.1731 6224/7f96b1a81780 age/Hel/Main.cpp:732 ]: Disconnecting long-running connections for process 6282, application /var/www/art_data_quality_dashboard/public (development)#default
[ 2015-08-25 12:05:12.1732 6230/7f8e6fd8c700 Ser/Server.h:455 ]: [LoggerAdminServer] Shutdown finished
[ 2015-08-25 12:05:12.1733 6224/7f96b1a81780 age/Hel/Main.cpp:732 ]: Disconnecting long-running connections for process 6293, application /var/www/art_data_quality_dashboard/public (development)#default
[ 2015-08-25 12:05:12.1734 6224/7f96b1a81780 age/Hel/Main.cpp:732 ]: Disconnecting long-running connections for process 6302, application /var/www/art_data_quality_dashboard/public (development)#default
[ 2015-08-25 12:05:12.1735 6230/7f8e71bed780 age/Log/Main.cpp:433 ]: PassengerAgent logger shutdown finished
[ 2015-08-25 12:05:12.1735 6224/7f96ab7fe700 Ser/Server.h:455 ]: [ServerThr.1] Shutdown finished
[ 2015-08-25 12:05:12.1735 6224/7f96a97fa700 Ser/Server.h:455 ]: [ServerThr.5] Shutdown finished
[ 2015-08-25 12:05:12.1735 6224/7f968b7fe700 Ser/Server.h:455 ]: [ServerThr.8] Shutdown finished
[ 2015-08-25 12:05:12.1735 6224/7f968bfff700 Ser/Server.h:455 ]: [ServerThr.7] Shutdown finished
[ 2015-08-25 12:05:12.1736 6224/7f96aaffd700 Ser/Server.h:455 ]: [ServerThr.2] Shutdown finished
[ 2015-08-25 12:05:12.1738 6224/7f968affd700 Ser/Server.h:455 ]: [AdminServer] Shutdown finished
[ 2015-08-25 12:05:12.1739 6224/7f96aa7fc700 Ser/Server.h:455 ]: [ServerThr.3] Shutdown finished
[ 2015-08-25 12:05:12.1741 6224/7f96a8ff9700 Ser/Server.h:455 ]: [ServerThr.6] Shutdown finished
[ 2015-08-25 12:05:12.1746 6224/7f96a9ffb700 Ser/Server.h:455 ]: [ServerThr.4] Shutdown finished
[ 2015-08-25 12:05:12.1747 6224/7f96b1a81780 age/Hel/Main.cpp:732 ]: Disconnecting long-running connections for process 6282, application /var/www/art_data_quality_dashboard/public (development)#default
[ 2015-08-25 12:05:12.1749 6224/7f96b1a81780 age/Hel/Main.cpp:732 ]: Disconnecting long-running connections for process 6293, application /var/www/art_data_quality_dashboard/public (development)#default
[ 2015-08-25 12:05:12.1750 6224/7f96b1a81780 age/Hel/Main.cpp:732 ]: Disconnecting long-running connections for process 6302, application /var/www/art_data_quality_dashboard/public (development)#default
[ 2015-08-25 12:05:12.2770 6224/7f96b1a81780 age/Hel/Main.cpp:876 ]: PassengerAgent server shutdown finished
[ 2015-08-25 12:25:05.5512 6775/7f152afbf780 age/Wat/Main.cpp:1264 ]: Starting PassengerAgent watchdog...
[ 2015-08-25 12:25:05.5550 6778/7fbfcdb49780 age/Hel/Main.cpp:891 ]: Starting PassengerAgent server...
[ 2015-08-25 12:25:05.5551 6778/7fbfcdb49780 age/Hel/Main.cpp:234 ]: PassengerAgent server running in multi-application mode.
[ 2015-08-25 12:25:05.5583 6778/7fbfcdb49780 age/Hel/Main.cpp:645 ]: PassengerAgent server online, PID 6778
[ 2015-08-25 12:25:05.5649 6785/7f96011a9780 age/Log/Main.cpp:439 ]: Starting PassengerAgent logger...
[ 2015-08-25 12:25:05.5653 6785/7f96011a9780 age/Log/Main.cpp:320 ]: PassengerAgent logger online, PID 6785
App 6821 stdout: 
App 6838 stdout: 
App 6853 stdout: 

[ 2015-08-25 12:25:31.6818 6778/7fbfc77fe700 age/Hel/Main.cpp:455 ]: Signal received. Gracefully shutting down... (send signal 2 more time(s) to force shutdown)
[ 2015-08-25 12:25:31.6818 6778/7fbfcdb49780 age/Hel/Main.cpp:814 ]: Received command to shutdown gracefully. Waiting until all clients have disconnected...
[ 2015-08-25 12:25:31.6818 6778/7fbfcdb49780 age/Hel/Main.cpp:732 ]: Disconnecting long-running connections for process 6838, application /var/www/art_data_quality_dashboard/public (development)#default
[ 2015-08-25 12:25:31.6819 6778/7fbfcdb49780 age/Hel/Main.cpp:732 ]: Disconnecting long-running connections for process 6853, application /var/www/art_data_quality_dashboard/public (development)#default
[ 2015-08-25 12:25:31.6819 6778/7fbfc77fe700 Ser/Server.h:455 ]: [ServerThr.1] Shutdown finished
[ 2015-08-25 12:25:31.6819 6778/7fbfc6ffd700 Ser/Server.h:455 ]: [ServerThr.2] Shutdown finished
[ 2015-08-25 12:25:31.6820 6778/7fbfc67fc700 Ser/Server.h:455 ]: [ServerThr.3] Shutdown finished
[ 2015-08-25 12:25:31.6820 6778/7fbfc57fa700 Ser/Server.h:455 ]: [ServerThr.5] Shutdown finished
[ 2015-08-25 12:25:31.6820 6778/7fbfc4ff9700 Ser/Server.h:455 ]: [ServerThr.6] Shutdown finished
[ 2015-08-25 12:25:31.6821 6778/7fbfa3fff700 Ser/Server.h:455 ]: [ServerThr.7] Shutdown finished
[ 2015-08-25 12:25:31.6821 6778/7fbfa37fe700 Ser/Server.h:455 ]: [ServerThr.8] Shutdown finished
[ 2015-08-25 12:25:31.6822 6778/7fbfc5ffb700 Ser/Server.h:455 ]: [ServerThr.4] Shutdown finished
[ 2015-08-25 12:25:31.6822 6778/7fbfa2ffd700 Ser/Server.h:455 ]: [AdminServer] Shutdown finished
[ 2015-08-25 12:25:31.6822 6778/7fbfcdb49780 age/Hel/Main.cpp:732 ]: Disconnecting long-running connections for process 6838, application /var/www/art_data_quality_dashboard/public (development)#default
[ 2015-08-25 12:25:31.6823 6778/7fbfcdb49780 age/Hel/Main.cpp:732 ]: Disconnecting long-running connections for process 6853, application /var/www/art_data_quality_dashboard/public (development)#default

[ 2015-08-25 12:25:31.6848 6785/7f95ff348700 age/Log/Main.cpp:346 ]: Signal received. Gracefully shutting down... (send signal 2 more time(s) to force shutdown)
[ 2015-08-25 12:25:31.6849 6785/7f96011a9780 age/Log/Main.cpp:408 ]: Received command to shutdown gracefully. Waiting until all clients have disconnected...
[ 2015-08-25 12:25:31.6849 6785/7f95ff348700 Ser/Server.h:455 ]: [LoggerAdminServer] Shutdown finished
[ 2015-08-25 12:25:31.6850 6785/7f96011a9780 age/Log/Main.cpp:433 ]: PassengerAgent logger shutdown finished
[ 2015-08-25 12:25:31.7961 6778/7fbfcdb49780 age/Hel/Main.cpp:876 ]: PassengerAgent server shutdown finished
[ 2015-08-25 12:29:30.3918 6926/7f2f4b298780 age/Wat/Main.cpp:1264 ]: Starting PassengerAgent watchdog...
[ 2015-08-25 12:29:30.3953 6929/7f8d029d8780 age/Hel/Main.cpp:891 ]: Starting PassengerAgent server...
[ 2015-08-25 12:29:30.3954 6929/7f8d029d8780 age/Hel/Main.cpp:234 ]: PassengerAgent server running in multi-application mode.
[ 2015-08-25 12:29:30.3976 6929/7f8d029d8780 age/Hel/Main.cpp:645 ]: PassengerAgent server online, PID 6929
[ 2015-08-25 12:29:30.4035 6935/7f9906a17780 age/Log/Main.cpp:439 ]: Starting PassengerAgent logger...
[ 2015-08-25 12:29:30.4039 6935/7f9906a17780 age/Log/Main.cpp:320 ]: PassengerAgent logger online, PID 6935
App 6970 stdout: 
App 6987 stdout: 
App 6995 stdout: 
App 7012 stdout: 

[ 2015-08-25 12:30:09.6840 6929/7f8d00a8e700 age/Hel/Main.cpp:455 ]: Signal received. Gracefully shutting down... (send signal 2 more time(s) to force shutdown)
[ 2015-08-25 12:30:09.6841 6929/7f8d029d8780 age/Hel/Main.cpp:814 ]: Received command to shutdown gracefully. Waiting until all clients have disconnected...
[ 2015-08-25 12:30:09.6842 6929/7f8d029d8780 age/Hel/Main.cpp:732 ]: Disconnecting long-running connections for process 6987, application /var/www/art_data_quality_dashboard/public (development)#default
[ 2015-08-25 12:30:09.6843 6929/7f8d029d8780 age/Hel/Main.cpp:732 ]: Disconnecting long-running connections for process 6995, application /var/www/art_data_quality_dashboard/public (development)#default
[ 2015-08-25 12:30:09.6844 6929/7f8d029d8780 age/Hel/Main.cpp:732 ]: Disconnecting long-running connections for process 7012, application /var/www/art_data_quality_dashboard/public (development)#default

[ 2015-08-25 12:30:09.6846 6929/7f8cf2ffd700 Ser/Server.h:455 ]: [ServerThr.4] Shutdown finished
[ 2015-08-25 12:30:09.6847 6929/7f8cf1ffb700 Ser/Server.h:455 ]: [ServerThr.6] Shutdown finished
[ 2015-08-25 12:30:09.6847 6929/7f8cf27fc700 Ser/Server.h:455 ]: [ServerThr.5] Shutdown finished
[ 2015-08-25 12:30:09.6848 6929/7f8cf37fe700 Ser/Server.h:455 ]: [ServerThr.3] Shutdown finished
[ 2015-08-25 12:30:09.6848 6929/7f8cf0ff9700 Ser/Server.h:455 ]: [ServerThr.8] Shutdown finished
[ 2015-08-25 12:30:09.6848 6929/7f8cf17fa700 Ser/Server.h:455 ]: [ServerThr.7] Shutdown finished
[ 2015-08-25 12:30:09.6846 6935/7f9904bb6700 age/Log/Main.cpp:346 ]: Signal received. Gracefully shutting down... (send signal 2 more time(s) to force shutdown)
[ 2015-08-25 12:30:09.6849 6935/7f9906a17780 age/Log/Main.cpp:408 ]: Received command to shutdown gracefully. Waiting until all clients have disconnected...
[ 2015-08-25 12:30:09.6850 6929/7f8cf3fff700 Ser/Server.h:455 ]: [ServerThr.2] Shutdown finished
[ 2015-08-25 12:30:09.6850 6935/7f9904bb6700 Ser/Server.h:455 ]: [LoggerAdminServer] Shutdown finished
[ 2015-08-25 12:30:09.6848 6929/7f8d00a8e700 Ser/Server.h:455 ]: [ServerThr.1] Shutdown finished
[ 2015-08-25 12:30:09.6851 6935/7f9906a17780 age/Log/Main.cpp:433 ]: PassengerAgent logger shutdown finished
[ 2015-08-25 12:30:09.6852 6929/7f8ccffff700 Ser/Server.h:455 ]: [AdminServer] Shutdown finished
[ 2015-08-25 12:30:09.6852 6929/7f8d029d8780 age/Hel/Main.cpp:732 ]: Disconnecting long-running connections for process 6987, application /var/www/art_data_quality_dashboard/public (development)#default
[ 2015-08-25 12:30:09.6853 6929/7f8d029d8780 age/Hel/Main.cpp:732 ]: Disconnecting long-running connections for process 6995, application /var/www/art_data_quality_dashboard/public (development)#default
[ 2015-08-25 12:30:09.6854 6929/7f8d029d8780 age/Hel/Main.cpp:732 ]: Disconnecting long-running connections for process 7012, application /var/www/art_data_quality_dashboard/public (development)#default
[ 2015-08-25 12:30:09.8084 6929/7f8d029d8780 age/Hel/Main.cpp:876 ]: PassengerAgent server shutdown finished
[ 2015-08-25 12:33:04.9886 7249/7f9c25706780 age/Wat/Main.cpp:1264 ]: Starting PassengerAgent watchdog...
[ 2015-08-25 12:33:04.9912 7252/7f2deb297780 age/Hel/Main.cpp:891 ]: Starting PassengerAgent server...
[ 2015-08-25 12:33:04.9913 7252/7f2deb297780 age/Hel/Main.cpp:234 ]: PassengerAgent server running in multi-application mode.
[ 2015-08-25 12:33:04.9932 7252/7f2deb297780 age/Hel/Main.cpp:645 ]: PassengerAgent server online, PID 7252
[ 2015-08-25 12:33:04.9994 7258/7f6a2fddd780 age/Log/Main.cpp:439 ]: Starting PassengerAgent logger...
[ 2015-08-25 12:33:04.9998 7258/7f6a2fddd780 age/Log/Main.cpp:320 ]: PassengerAgent logger online, PID 7258
App 7293 stdout: 
App 7311 stdout: 
App 7318 stdout: 
App 7326 stdout: 
